mode: atomic
github.com/IBM/ubiquity-k8s/volume/provision.go:40.136,42.2 1 5
github.com/IBM/ubiquity-k8s/volume/provision.go:44.138,47.57 3 5
github.com/IBM/ubiquity-k8s/volume/provision.go:60.2,71.25 3 5
github.com/IBM/ubiquity-k8s/volume/provision.go:47.57,50.17 3 1
github.com/IBM/ubiquity-k8s/volume/provision.go:50.17,52.4 1 0
github.com/IBM/ubiquity-k8s/volume/provision.go:53.3,55.17 2 4
github.com/IBM/ubiquity-k8s/volume/provision.go:58.3,58.56 1 4
github.com/IBM/ubiquity-k8s/volume/provision.go:55.17,57.4 1 0
github.com/IBM/ubiquity-k8s/volume/provision.go:94.101,95.24 1 2
github.com/IBM/ubiquity-k8s/volume/provision.go:98.2,99.13 2 0
github.com/IBM/ubiquity-k8s/volume/provision.go:102.2,106.16 4 0
github.com/IBM/ubiquity-k8s/volume/provision.go:110.2,138.16 5 0
github.com/IBM/ubiquity-k8s/volume/provision.go:95.24,97.3 1 2
github.com/IBM/ubiquity-k8s/volume/provision.go:99.13,101.3 1 0
github.com/IBM/ubiquity-k8s/volume/provision.go:106.16,108.3 1 0
github.com/IBM/ubiquity-k8s/volume/provision.go:143.69,144.23 1 3
github.com/IBM/ubiquity-k8s/volume/provision.go:147.2,147.83 1 2
github.com/IBM/ubiquity-k8s/volume/provision.go:157.2,157.12 1 0
github.com/IBM/ubiquity-k8s/volume/provision.go:144.23,146.3 1 1
github.com/IBM/ubiquity-k8s/volume/provision.go:147.83,150.17 2 2
github.com/IBM/ubiquity-k8s/volume/provision.go:153.3,153.13 1 1
github.com/IBM/ubiquity-k8s/volume/provision.go:150.17,152.4 1 1
github.com/IBM/ubiquity-k8s/volume/provision.go:160.117,162.19 2 0
github.com/IBM/ubiquity-k8s/volume/provision.go:165.2,165.45 1 0
github.com/IBM/ubiquity-k8s/volume/provision.go:168.2,169.16 2 0
github.com/IBM/ubiquity-k8s/volume/provision.go:173.2,174.16 2 0
github.com/IBM/ubiquity-k8s/volume/provision.go:178.2,180.39 3 0
github.com/IBM/ubiquity-k8s/volume/provision.go:184.2,184.30 1 0
github.com/IBM/ubiquity-k8s/volume/provision.go:162.19,164.3 1 0
github.com/IBM/ubiquity-k8s/volume/provision.go:165.45,167.3 1 0
github.com/IBM/ubiquity-k8s/volume/provision.go:169.16,171.3 1 0
github.com/IBM/ubiquity-k8s/volume/provision.go:174.16,176.3 1 0
github.com/IBM/ubiquity-k8s/volume/provision.go:180.39,182.3 1 0
