mode: atomic
github.com/IBM/ubiquity-k8s/controller/controller.go:22.122,25.16 2 0
github.com/IBM/ubiquity-k8s/controller/controller.go:28.2,28.63 1 0
github.com/IBM/ubiquity-k8s/controller/controller.go:25.16,27.3 1 0
github.com/IBM/ubiquity-k8s/controller/controller.go:32.94,34.2 1 11
github.com/IBM/ubiquity-k8s/controller/controller.go:37.58,42.16 4 1
github.com/IBM/ubiquity-k8s/controller/controller.go:51.2,55.3 1 1
github.com/IBM/ubiquity-k8s/controller/controller.go:42.16,49.3 1 0
github.com/IBM/ubiquity-k8s/controller/controller.go:59.91,65.13 6 4
github.com/IBM/ubiquity-k8s/controller/controller.go:77.2,80.40 3 4
github.com/IBM/ubiquity-k8s/controller/controller.go:84.2,88.16 3 4
github.com/IBM/ubiquity-k8s/controller/controller.go:117.2,121.3 1 1
github.com/IBM/ubiquity-k8s/controller/controller.go:65.13,75.3 3 0
github.com/IBM/ubiquity-k8s/controller/controller.go:80.40,82.3 1 20
github.com/IBM/ubiquity-k8s/controller/controller.go:88.16,89.40 1 3
github.com/IBM/ubiquity-k8s/controller/controller.go:110.3,113.24 1 1
github.com/IBM/ubiquity-k8s/controller/controller.go:89.40,91.90 2 2
github.com/IBM/ubiquity-k8s/controller/controller.go:104.4,108.5 1 1
github.com/IBM/ubiquity-k8s/controller/controller.go:91.90,97.5 1 1
github.com/IBM/ubiquity-k8s/controller/controller.go:97.5,97.97 1 1
github.com/IBM/ubiquity-k8s/controller/controller.go:97.97,103.5 1 0
github.com/IBM/ubiquity-k8s/controller/controller.go:126.105,128.9 2 0
github.com/IBM/ubiquity-k8s/controller/controller.go:134.2,139.3 1 0
github.com/IBM/ubiquity-k8s/controller/controller.go:128.9,133.3 1 0
github.com/IBM/ubiquity-k8s/controller/controller.go:143.92,145.2 1 0
github.com/IBM/ubiquity-k8s/controller/controller.go:148.84,150.2 1 0
github.com/IBM/ubiquity-k8s/controller/controller.go:153.107,166.2 4 0
github.com/IBM/ubiquity-k8s/controller/controller.go:169.104,175.16 4 2
github.com/IBM/ubiquity-k8s/controller/controller.go:183.2,187.95 3 1
github.com/IBM/ubiquity-k8s/controller/controller.go:228.2,232.3 1 0
github.com/IBM/ubiquity-k8s/controller/controller.go:175.16,182.3 2 1
github.com/IBM/ubiquity-k8s/controller/controller.go:187.95,188.25 1 1
github.com/IBM/ubiquity-k8s/controller/controller.go:221.3,225.4 1 0
github.com/IBM/ubiquity-k8s/controller/controller.go:188.25,192.38 3 1
github.com/IBM/ubiquity-k8s/controller/controller.go:201.4,205.18 5 1
github.com/IBM/ubiquity-k8s/controller/controller.go:215.4,219.5 1 1
github.com/IBM/ubiquity-k8s/controller/controller.go:192.38,199.5 1 0
github.com/IBM/ubiquity-k8s/controller/controller.go:205.18,213.5 2 0
github.com/IBM/ubiquity-k8s/controller/controller.go:237.110,242.16 4 4
github.com/IBM/ubiquity-k8s/controller/controller.go:250.2,251.16 2 3
github.com/IBM/ubiquity-k8s/controller/controller.go:259.2,260.55 2 2
github.com/IBM/ubiquity-k8s/controller/controller.go:268.2,272.3 1 1
github.com/IBM/ubiquity-k8s/controller/controller.go:242.16,248.3 1 1
github.com/IBM/ubiquity-k8s/controller/controller.go:251.16,257.3 1 1
github.com/IBM/ubiquity-k8s/controller/controller.go:260.55,266.3 1 1
github.com/IBM/ubiquity-k8s/controller/controller.go:275.118,277.33 1 3
github.com/IBM/ubiquity-k8s/controller/controller.go:282.2,282.67 1 1
github.com/IBM/ubiquity-k8s/controller/controller.go:277.33,278.38 1 2
github.com/IBM/ubiquity-k8s/controller/controller.go:278.38,280.4 1 2
