mode: atomic
github.com/IBM/ubiquity-k8s/controller/controller.go:22.122,25.16 2 0
github.com/IBM/ubiquity-k8s/controller/controller.go:28.2,28.63 1 0
github.com/IBM/ubiquity-k8s/controller/controller.go:25.16,27.3 1 0
github.com/IBM/ubiquity-k8s/controller/controller.go:32.94,34.2 1 7
github.com/IBM/ubiquity-k8s/controller/controller.go:37.58,42.16 4 1
github.com/IBM/ubiquity-k8s/controller/controller.go:51.2,55.3 1 1
github.com/IBM/ubiquity-k8s/controller/controller.go:42.16,49.3 1 0
github.com/IBM/ubiquity-k8s/controller/controller.go:59.91,65.13 6 0
github.com/IBM/ubiquity-k8s/controller/controller.go:77.2,80.16 3 0
github.com/IBM/ubiquity-k8s/controller/controller.go:89.2,93.3 1 0
github.com/IBM/ubiquity-k8s/controller/controller.go:65.13,75.3 3 0
github.com/IBM/ubiquity-k8s/controller/controller.go:80.16,87.3 1 0
github.com/IBM/ubiquity-k8s/controller/controller.go:98.105,102.9 4 0
github.com/IBM/ubiquity-k8s/controller/controller.go:108.2,112.3 1 0
github.com/IBM/ubiquity-k8s/controller/controller.go:102.9,107.3 1 0
github.com/IBM/ubiquity-k8s/controller/controller.go:116.105,121.13 4 0
github.com/IBM/ubiquity-k8s/controller/controller.go:131.2,134.16 3 0
github.com/IBM/ubiquity-k8s/controller/controller.go:142.2,144.102 2 0
github.com/IBM/ubiquity-k8s/controller/controller.go:121.13,129.3 2 0
github.com/IBM/ubiquity-k8s/controller/controller.go:134.16,141.3 1 0
github.com/IBM/ubiquity-k8s/controller/controller.go:148.99,152.2 3 0
github.com/IBM/ubiquity-k8s/controller/controller.go:155.107,168.2 4 0
github.com/IBM/ubiquity-k8s/controller/controller.go:171.104,177.16 4 2
github.com/IBM/ubiquity-k8s/controller/controller.go:185.2,189.95 3 1
github.com/IBM/ubiquity-k8s/controller/controller.go:230.2,234.3 1 0
github.com/IBM/ubiquity-k8s/controller/controller.go:177.16,184.3 2 1
github.com/IBM/ubiquity-k8s/controller/controller.go:189.95,190.25 1 1
github.com/IBM/ubiquity-k8s/controller/controller.go:223.3,227.4 1 0
github.com/IBM/ubiquity-k8s/controller/controller.go:190.25,194.38 3 1
github.com/IBM/ubiquity-k8s/controller/controller.go:203.4,207.18 5 1
github.com/IBM/ubiquity-k8s/controller/controller.go:217.4,221.5 1 1
github.com/IBM/ubiquity-k8s/controller/controller.go:194.38,201.5 1 0
github.com/IBM/ubiquity-k8s/controller/controller.go:207.18,215.5 2 0
github.com/IBM/ubiquity-k8s/controller/controller.go:239.110,244.16 4 4
github.com/IBM/ubiquity-k8s/controller/controller.go:252.2,253.16 2 3
github.com/IBM/ubiquity-k8s/controller/controller.go:261.2,262.55 2 2
github.com/IBM/ubiquity-k8s/controller/controller.go:270.2,274.3 1 1
github.com/IBM/ubiquity-k8s/controller/controller.go:244.16,250.3 1 1
github.com/IBM/ubiquity-k8s/controller/controller.go:253.16,259.3 1 1
github.com/IBM/ubiquity-k8s/controller/controller.go:262.55,268.3 1 1
github.com/IBM/ubiquity-k8s/controller/controller.go:277.118,279.33 1 3
github.com/IBM/ubiquity-k8s/controller/controller.go:284.2,284.67 1 1
github.com/IBM/ubiquity-k8s/controller/controller.go:279.33,280.38 1 2
github.com/IBM/ubiquity-k8s/controller/controller.go:280.38,282.4 1 2
